<?xml version="1.0" encoding="UTF-8"?>
<testsuite xmlns:xsi="http://www.w3.org/2001/XMLSchema-instance" xsi:noNamespaceSchemaLocation="https://maven.apache.org/surefire/maven-surefire-plugin/xsd/surefire-test-report-3.0.xsd" version="3.0" name="com.chachamaru.harness.security.GuardrailRuleTest" time="0.04" tests="9" errors="0" skipped="0" failures="0">
  <properties>
[...]
</properties>
  <testcase name="testSensitiveFileRulePriority" classname="com.chachamaru.harness.security.GuardrailRuleTest" time="0.016"/>
  <testcase name="testSensitiveFileRuleEnabled" classname="com.chachamaru.harness.security.GuardrailRuleTest" time="0.001"/>
  <testcase name="testSensitiveFileRuleEvaluateWithNonFileTool" classname="com.chachamaru.harness.security.GuardrailRuleTest" time="0.001"/>
  <testcase name="testSensitiveFileRuleId" classname="com.chachamaru.harness.security.GuardrailRuleTest" time="0.001"/>
  <testcase name="testSensitiveFileRuleDescription" classname="com.chachamaru.harness.security.GuardrailRuleTest" time="0"/>
  <testcase name="testSensitiveFileRuleEvaluateDeniesPasswordAccess" classname="com.chachamaru.harness.security.GuardrailRuleTest" time="0"/>
  <testcase name="testSensitiveFileRuleEvaluateAllowsNormalAccess" classname="com.chachamaru.harness.security.GuardrailRuleTest" time="0.001"/>
  <testcase name="testSensitiveFileRuleEvaluateWithNullInput" classname="com.chachamaru.harness.security.GuardrailRuleTest" time="0"/>
  <testcase name="testSensitiveFileRuleMatches" classname="com.chachamaru.harness.security.GuardrailRuleTest" time="0.001"/>
</testsuite>